#-----------------------------------------------------------
# Vivado v2022.1 (64-bit)
# SW Build 3526262 on Mon Apr 18 15:47:01 MDT 2022
# IP Build 3524634 on Mon Apr 18 20:55:01 MDT 2022
# Start of session at: Wed Dec 13 09:23:33 2023
# Process ID: 22519
# Current directory: /home/ubuntu/hw/SoC_design/Lab6/lab-wlos_baseline/vivado
# Command line: vivado
# Log file: /home/ubuntu/hw/SoC_design/Lab6/lab-wlos_baseline/vivado/vivado.log
# Journal file: /home/ubuntu/hw/SoC_design/Lab6/lab-wlos_baseline/vivado/vivado.jou
# Running On: ubuntu2004, OS: Linux, CPU Frequency: 3187.198 MHz, CPU Physical cores: 4, Host memory: 16766 MB
#-----------------------------------------------------------
start_gui
WARNING: [Board 49-26] cannot add Board Part xilinx.com:vpk120_es:part0:1.2 available at /tools/Xilinx/Vivado/2022.1/data/xhub/boards/XilinxBoardStore/boards/Xilinx/vpk120/es/1.2/board.xml as part xcvp1202-vsva2785-2mp-e-s-es1 specified in board_part file is either invalid or not available
WARNING: [Board 49-26] cannot add Board Part xilinx.com:vpk120_es_revb:part0:1.0 available at /tools/Xilinx/Vivado/2022.1/data/xhub/boards/XilinxBoardStore/boards/Xilinx/vpk120_revb/es/1.0/board.xml as part xcvp1202-vsva2785-2mp-e-s-es1 specified in board_part file is either invalid or not available
WARNING: [Board 49-26] cannot add Board Part xilinx.com:zcu208ld:part0:2.0 available at /tools/Xilinx/Vivado/2022.1/data/xhub/boards/XilinxBoardStore/boards/Xilinx/zcu208ld/production/2.0/board.xml as part xczu58dr-fsvg1517-2-i specified in board_part file is either invalid or not available
WARNING: [Board 49-26] cannot add Board Part xilinx.com:zcu216ld:part0:2.0 available at /tools/Xilinx/Vivado/2022.1/data/xhub/boards/XilinxBoardStore/boards/Xilinx/zcu216ld/production/2.0/board.xml as part xczu59dr-ffvf1760-2-i specified in board_part file is either invalid or not available
WARNING: [Board 49-26] cannot add Board Part xilinx.com:zcu670:part0:2.0 available at /tools/Xilinx/Vivado/2022.1/data/xhub/boards/XilinxBoardStore/boards/Xilinx/zcu670/2.0/board.xml as part xczu67dr-fsve1156-2-i specified in board_part file is either invalid or not available
WARNING: [Board 49-26] cannot add Board Part xilinx.com:zcu670ld:part0:1.0 available at /tools/Xilinx/Vivado/2022.1/data/xhub/boards/XilinxBoardStore/boards/Xilinx/zcu670ld/1.0/board.xml as part xczu57dr-fsve1156-2-i specified in board_part file is either invalid or not available
open_project /home/ubuntu/hw/SoC_design/Lab6/lab-wlos_baseline/vivado/vvd_caravel_fpga/vvd_caravel_fpga.xpr
Scanning sources...
Finished scanning sources
INFO: [Project 1-1877] Auto incremental dir location '/home/tonyho/workspace_willy/caravel_fpga/project/vitis_prj/hls_read_romcode/D:/Caravel_Soc/vvd_caravel_fpga/vvd_caravel_fpga.srcs/utils_1/imports/synth_1' of run 'synth_1' is not writable, setting it to default location '/home/ubuntu/hw/SoC_design/Lab6/lab-wlos_baseline/vivado/vvd_caravel_fpga/vvd_caravel_fpga.srcs/utils_1/imports/synth_1'.
INFO: [Project 1-1877] Auto incremental dir location '/home/tonyho/workspace_willy/caravel_fpga/project/vitis_prj/hls_read_romcode/D:/Caravel_Soc/vvd_caravel_fpga/vvd_caravel_fpga.srcs/utils_1/imports/impl_1' of run 'impl_1' is not writable, setting it to default location '/home/ubuntu/hw/SoC_design/Lab6/lab-wlos_baseline/vivado/vvd_caravel_fpga/vvd_caravel_fpga.srcs/utils_1/imports/impl_1'.
INFO: [IP_Flow 19-234] Refreshing IP repositories
INFO: [IP_Flow 19-1700] Loaded user IP repository '/home/ubuntu/hw/SoC_design/Lab6/lab-wlos_baseline/vivado/vitis_prj/hls_caravel_ps'.
INFO: [IP_Flow 19-1700] Loaded user IP repository '/home/ubuntu/hw/SoC_design/Lab6/lab-wlos_baseline/vivado/vitis_prj/hls_output_pin'.
INFO: [IP_Flow 19-1700] Loaded user IP repository '/home/ubuntu/hw/SoC_design/Lab6/lab-wlos_baseline/vivado/vitis_prj/hls_read_romcode'.
INFO: [IP_Flow 19-2313] Loaded Vivado IP repository '/tools/Xilinx/Vivado/2022.1/data/ip'.
open_project: Time (s): cpu = 00:00:09 ; elapsed = 00:00:08 . Memory (MB): peak = 7664.238 ; gain = 157.352 ; free physical = 4764 ; free virtual = 10834
update_compile_order -fileset sources_1
exit
INFO: [Common 17-206] Exiting Vivado at Thu Dec 14 09:50:56 2023...
